0 info it worked if it ends with ok
1 verbose cli [ '/Users/VladimirMorulus/.nvm/versions/node/v4.5.0/bin/node',
1 verbose cli   '/Users/VladimirMorulus/.nvm/versions/node/v4.5.0/bin/npm',
1 verbose cli   'start' ]
2 info using npm@3.10.8
3 info using node@v4.5.0
4 verbose run-script [ 'prestart', 'start', 'poststart' ]
5 info lifecycle vendorjs@1.3.1~prestart: vendorjs@1.3.1
6 silly lifecycle vendorjs@1.3.1~prestart: no script for prestart, continuing
7 info lifecycle vendorjs@1.3.1~start: vendorjs@1.3.1
8 verbose lifecycle vendorjs@1.3.1~start: unsafe-perm in lifecycle true
9 verbose lifecycle vendorjs@1.3.1~start: PATH: /Users/VladimirMorulus/.nvm/versions/node/v4.5.0/lib/node_modules/npm/bin/node-gyp-bin:/Users/VladimirMorulus/WorkAreas/mahabra/morulus/vendor/node_modules/.bin:/Users/VladimirMorulus/.nvm/versions/node/v4.5.0/bin:/usr/local/bin:/Users/VladimirMorulus/git-tf/:/usr/local/bin:/usr/bin:/bin:/usr/sbin:/sbin:/usr/local/git/bin
10 verbose lifecycle vendorjs@1.3.1~start: CWD: /Users/VladimirMorulus/WorkAreas/mahabra/morulus/vendor
11 silly lifecycle vendorjs@1.3.1~start: Args: [ '-c', 'webpack-dev-server --content-base build/' ]
12 silly lifecycle vendorjs@1.3.1~start: Returned: code: 1  signal: null
13 info lifecycle vendorjs@1.3.1~start: Failed to exec start script
14 verbose stack Error: vendorjs@1.3.1 start: `webpack-dev-server --content-base build/`
14 verbose stack Exit status 1
14 verbose stack     at EventEmitter.<anonymous> (/Users/VladimirMorulus/.nvm/versions/node/v4.5.0/lib/node_modules/npm/lib/utils/lifecycle.js:255:16)
14 verbose stack     at emitTwo (events.js:87:13)
14 verbose stack     at EventEmitter.emit (events.js:172:7)
14 verbose stack     at ChildProcess.<anonymous> (/Users/VladimirMorulus/.nvm/versions/node/v4.5.0/lib/node_modules/npm/lib/utils/spawn.js:40:14)
14 verbose stack     at emitTwo (events.js:87:13)
14 verbose stack     at ChildProcess.emit (events.js:172:7)
14 verbose stack     at maybeClose (internal/child_process.js:829:16)
14 verbose stack     at Process.ChildProcess._handle.onexit (internal/child_process.js:211:5)
15 verbose pkgid vendorjs@1.3.1
16 verbose cwd /Users/VladimirMorulus/WorkAreas/mahabra/morulus/vendor
17 error Darwin 15.5.0
18 error argv "/Users/VladimirMorulus/.nvm/versions/node/v4.5.0/bin/node" "/Users/VladimirMorulus/.nvm/versions/node/v4.5.0/bin/npm" "start"
19 error node v4.5.0
20 error npm  v3.10.8
21 error code ELIFECYCLE
22 error vendorjs@1.3.1 start: `webpack-dev-server --content-base build/`
22 error Exit status 1
23 error Failed at the vendorjs@1.3.1 start script 'webpack-dev-server --content-base build/'.
23 error Make sure you have the latest version of node.js and npm installed.
23 error If you do, this is most likely a problem with the vendorjs package,
23 error not with npm itself.
23 error Tell the author that this fails on your system:
23 error     webpack-dev-server --content-base build/
23 error You can get information on how to open an issue for this project with:
23 error     npm bugs vendorjs
23 error Or if that isn't available, you can get their info via:
23 error     npm owner ls vendorjs
23 error There is likely additional logging output above.
24 verbose exit [ 1, true ]
